[INFO] Матрица A:
[INFO] [10, 5, 6, 6]
[INFO] [3, 2, 4, 9]
[INFO] [4, 7, 3, 5]
[INFO] [9, 7, 10, 6]
[INFO] [10, 7, 7, 2]
[INFO] Матрица B:
[INFO] [8, 3, 7, 1, 3]
[INFO] [1, 8, 4, 4, 7]
[INFO] [3, 4, 2, 9, 3]
[INFO] [5, 7, 1, 4, 3]
[INFO] У вашего процессора 12 потоков. Максимальное допустимое количество процессов: 5.
[INFO] Используется 5 процессов.
[INFO] Результат строки 0 сохранён в файл.
[INFO] Результат строки 1 сохранён в файл.
[INFO] Результат строки 2 сохранён в файл.
[INFO] Результат строки 3 сохранён в файл.
[INFO] Результат строки 4 сохранён в файл.
[INFO] Перемножение матриц завершено. Результаты сохранены в файл.
[INFO] Матрица A:
[INFO] [9, 9, 7, 6, 8, 4, 10, 2, 9, 5]
[INFO] [6, 10, 10, 9, 1, 8, 1, 4, 5, 8]
[INFO] [7, 8, 6, 8, 5, 2, 10, 5, 6, 2]
[INFO] [10, 3, 3, 3, 1, 4, 7, 4, 1, 6]
[INFO] [8, 1, 8, 3, 7, 4, 9, 5, 1, 1]
[INFO] [4, 6, 10, 10, 5, 8, 4, 1, 1, 3]
[INFO] [5, 5, 9, 1, 1, 6, 8, 5, 6, 3]
[INFO] [1, 9, 2, 5, 10, 1, 6, 3, 4, 4]
[INFO] [10, 6, 3, 6, 9, 10, 2, 4, 9, 4]
[INFO] [7, 8, 5, 9, 7, 9, 6, 9, 10, 10]
[INFO] Матрица B:
[INFO] [3, 6, 6, 7, 1, 10, 5, 2, 6, 4]
[INFO] [8, 10, 5, 10, 2, 9, 1, 10, 2, 3]
[INFO] [9, 4, 6, 1, 4, 2, 3, 1, 6, 6]
[INFO] [8, 2, 10, 3, 5, 10, 2, 1, 7, 9]
[INFO] [10, 6, 6, 10, 2, 4, 7, 5, 4, 5]
[INFO] [10, 1, 8, 6, 7, 5, 10, 8, 3, 3]
[INFO] [10, 4, 3, 5, 5, 7, 1, 1, 6, 1]
[INFO] [3, 2, 10, 10, 10, 4, 7, 3, 1, 2]
[INFO] [1, 1, 6, 7, 5, 10, 6, 10, 10, 1]
[INFO] [1, 6, 2, 10, 1, 6, 1, 8, 8, 9]
[INFO] У вашего процессора 12 потоков. Максимальное допустимое количество процессов: 9.
[ERROR] Ошибка: Недопустимое количество процессов.
